<?xml version="1.0" encoding="UTF-8"?>
<!-- Generated by org.testng.reporters.JUnitXMLReporter -->
<testsuite ignored="0" hostname="Lakhan" failures="0" tests="4" name="Test" time="43.731" errors="0" timestamp="2022-12-20T20:12:59 IST">
  <testcase classname="guruLoginTest.MngLoginTest" name="login" time="2.441"/>
  <testcase classname="guruLoginTest.MngLoginTest" name="login" time="2.54"/>
  <testcase classname="guruLoginTest.MngLoginTest" name="login" time="3.118"/>
  <testcase classname="guruLoginTest.MngLoginTest" name="login" time="3.276"/>
</testsuite> <!-- Test -->
