<?xml version="1.0" encoding="UTF-8"?>
<testng-results ignored="0" total="4" passed="4" failed="0" skipped="0">
  <reporter-output>
  </reporter-output>
  <suite started-at="2022-12-20T20:12:15 IST" name="Suite" finished-at="2022-12-20T20:12:59 IST" duration-ms="43731">
    <groups>
    </groups>
    <test started-at="2022-12-20T20:12:15 IST" name="Test" finished-at="2022-12-20T20:12:59 IST" duration-ms="43731">
      <class name="guruLoginTest.MngLoginTest">
        <test-method is-config="true" signature="openBrowser()[pri:0, instance:guruLoginTest.MngLoginTest@21de60b4]" started-at="2022-12-20T20:12:15 IST" name="openBrowser" finished-at="2022-12-20T20:12:18 IST" duration-ms="2430" status="PASS">
          <reporter-output>
          </reporter-output>
        </test-method> <!-- openBrowser -->
        <test-method is-config="true" signature="openLink()[pri:0, instance:guruLoginTest.MngLoginTest@21de60b4]" started-at="2022-12-20T20:12:18 IST" name="openLink" finished-at="2022-12-20T20:12:25 IST" duration-ms="7068" status="PASS">
          <reporter-output>
          </reporter-output>
        </test-method> <!-- openLink -->
        <test-method signature="login(java.lang.String,java.lang.String)[pri:0, instance:guruLoginTest.MngLoginTest@21de60b4]" started-at="2022-12-20T20:12:25 IST" name="login" data-provider="userpass" finished-at="2022-12-20T20:12:27 IST" duration-ms="2441" status="PASS">
          <params>
            <param index="0">
              <value>
                <![CDATA[mngr460555]]>
              </value>
            </param>
            <param index="1">
              <value>
                <![CDATA[YnagudE]]>
              </value>
            </param>
          </params>
          <reporter-output>
          </reporter-output>
        </test-method> <!-- login -->
        <test-method is-config="true" signature="logoutApp()[pri:0, instance:guruLoginTest.MngLoginTest@21de60b4]" started-at="2022-12-20T20:12:27 IST" name="logoutApp" finished-at="2022-12-20T20:12:28 IST" duration-ms="712" status="PASS">
          <reporter-output>
          </reporter-output>
        </test-method> <!-- logoutApp -->
        <test-method is-config="true" signature="openLink()[pri:0, instance:guruLoginTest.MngLoginTest@21de60b4]" started-at="2022-12-20T20:12:28 IST" name="openLink" finished-at="2022-12-20T20:12:33 IST" duration-ms="5532" status="PASS">
          <reporter-output>
          </reporter-output>
        </test-method> <!-- openLink -->
        <test-method signature="login(java.lang.String,java.lang.String)[pri:0, instance:guruLoginTest.MngLoginTest@21de60b4]" started-at="2022-12-20T20:12:33 IST" name="login" data-provider="userpass" finished-at="2022-12-20T20:12:36 IST" duration-ms="2540" status="PASS">
          <params>
            <param index="0">
              <value>
                <![CDATA[mngr460556]]>
              </value>
            </param>
            <param index="1">
              <value>
                <![CDATA[YnaqYgY]]>
              </value>
            </param>
          </params>
          <reporter-output>
          </reporter-output>
        </test-method> <!-- login -->
        <test-method is-config="true" signature="logoutApp()[pri:0, instance:guruLoginTest.MngLoginTest@21de60b4]" started-at="2022-12-20T20:12:36 IST" name="logoutApp" finished-at="2022-12-20T20:12:37 IST" duration-ms="667" status="PASS">
          <reporter-output>
          </reporter-output>
        </test-method> <!-- logoutApp -->
        <test-method is-config="true" signature="openLink()[pri:0, instance:guruLoginTest.MngLoginTest@21de60b4]" started-at="2022-12-20T20:12:37 IST" name="openLink" finished-at="2022-12-20T20:12:43 IST" duration-ms="6315" status="PASS">
          <reporter-output>
          </reporter-output>
        </test-method> <!-- openLink -->
        <test-method signature="login(java.lang.String,java.lang.String)[pri:0, instance:guruLoginTest.MngLoginTest@21de60b4]" started-at="2022-12-20T20:12:43 IST" name="login" data-provider="userpass" finished-at="2022-12-20T20:12:46 IST" duration-ms="3118" status="PASS">
          <params>
            <param index="0">
              <value>
                <![CDATA[mngr460557]]>
              </value>
            </param>
            <param index="1">
              <value>
                <![CDATA[mynyquv]]>
              </value>
            </param>
          </params>
          <reporter-output>
          </reporter-output>
        </test-method> <!-- login -->
        <test-method is-config="true" signature="logoutApp()[pri:0, instance:guruLoginTest.MngLoginTest@21de60b4]" started-at="2022-12-20T20:12:46 IST" name="logoutApp" finished-at="2022-12-20T20:12:48 IST" duration-ms="2079" status="PASS">
          <reporter-output>
          </reporter-output>
        </test-method> <!-- logoutApp -->
        <test-method is-config="true" signature="openLink()[pri:0, instance:guruLoginTest.MngLoginTest@21de60b4]" started-at="2022-12-20T20:12:48 IST" name="openLink" finished-at="2022-12-20T20:12:54 IST" duration-ms="5783" status="PASS">
          <reporter-output>
          </reporter-output>
        </test-method> <!-- openLink -->
        <test-method signature="login(java.lang.String,java.lang.String)[pri:0, instance:guruLoginTest.MngLoginTest@21de60b4]" started-at="2022-12-20T20:12:54 IST" name="login" data-provider="userpass" finished-at="2022-12-20T20:12:57 IST" duration-ms="3276" status="PASS">
          <params>
            <param index="0">
              <value>
                <![CDATA[mngr460559]]>
              </value>
            </param>
            <param index="1">
              <value>
                <![CDATA[zUdenUq]]>
              </value>
            </param>
          </params>
          <reporter-output>
          </reporter-output>
        </test-method> <!-- login -->
        <test-method is-config="true" signature="logoutApp()[pri:0, instance:guruLoginTest.MngLoginTest@21de60b4]" started-at="2022-12-20T20:12:57 IST" name="logoutApp" finished-at="2022-12-20T20:12:59 IST" duration-ms="1568" status="PASS">
          <reporter-output>
          </reporter-output>
        </test-method> <!-- logoutApp -->
        <test-method is-config="true" signature="closebrowser()[pri:0, instance:guruLoginTest.MngLoginTest@21de60b4]" started-at="2022-12-20T20:12:59 IST" name="closebrowser" finished-at="2022-12-20T20:12:59 IST" duration-ms="144" status="PASS">
          <reporter-output>
          </reporter-output>
        </test-method> <!-- closebrowser -->
      </class> <!-- guruLoginTest.MngLoginTest -->
    </test> <!-- Test -->
  </suite> <!-- Suite -->
</testng-results>
